# JRE version: Java(TM) SE Runtime Environment (8.0_161-b12) (build 1.8.0_161-b12)
# Java VM: Java HotSpot(TM) 64-Bit Server VM (25.161-b12 mixed mode windows-amd64 compressed oops)
Heap:
 PSYoungGen      total 396800K, used 263050K [0x00000000d6200000, 0x00000000f6600000, 0x0000000100000000)
  eden space 374272K, 68% used [0x00000000d6200000,0x00000000e5bf21e0,0x00000000ecf80000)
  from space 22528K, 31% used [0x00000000ecf80000,0x00000000ed670828,0x00000000ee580000)
  to   space 22016K, 0% used [0x00000000f5080000,0x00000000f5080000,0x00000000f6600000)
 ParOldGen       total 101376K, used 37526K [0x0000000082600000, 0x0000000088900000, 0x00000000d6200000)
  object space 101376K, 37% used [0x0000000082600000,0x0000000084aa5b38,0x0000000088900000)
 Metaspace       used 51869K, capacity 53880K, committed 54016K, reserved 1095680K
  class space    used 7002K, capacity 7381K, committed 7424K, reserved 1048576K
GC Heap History (10 events):
Event: 13.307 GC heap before
{Heap before GC invocations=13 (full 2):
 PSYoungGen      total 248320K, used 242604K [0x00000000d6200000, 0x00000000e6880000, 0x0000000100000000)
  eden space 229888K, 100% used [0x00000000d6200000,0x00000000e4280000,0x00000000e4280000)
  from space 18432K, 68% used [0x00000000e5500000,0x00000000e616b1f0,0x00000000e6700000)
  to   space 18944K, 0% used [0x00000000e4280000,0x00000000e4280000,0x00000000e5500000)
 ParOldGen       total 101376K, used 26239K [0x0000000082600000, 0x0000000088900000, 0x00000000d6200000)
  object space 101376K, 25% used [0x0000000082600000,0x0000000083f9fdc8,0x0000000088900000)
 Metaspace       used 50052K, capacity 51954K, committed 52224K, reserved 1093632K
  class space    used 6760K, capacity 7138K, committed 7168K, reserved 1048576K
Event: 13.321 GC heap after
Heap after GC invocations=13 (full 2):
 PSYoungGen      total 248832K, used 13569K [0x00000000d6200000, 0x00000000ea480000, 0x0000000100000000)
  eden space 229888K, 0% used [0x00000000d6200000,0x00000000d6200000,0x00000000e4280000)
  from space 18944K, 71% used [0x00000000e4280000,0x00000000e4fc0458,0x00000000e5500000)
  to   space 19456K, 0% used [0x00000000e9180000,0x00000000e9180000,0x00000000ea480000)
 ParOldGen       total 101376K, used 26247K [0x0000000082600000, 0x0000000088900000, 0x00000000d6200000)
  object space 101376K, 25% used [0x0000000082600000,0x0000000083fa1dc8,0x0000000088900000)
 Metaspace       used 50052K, capacity 51954K, committed 52224K, reserved 1093632K
  class space    used 6760K, capacity 7138K, committed 7168K, reserved 1048576K
}
Event: 14.036 GC heap before
{Heap before GC invocations=14 (full 2):
 PSYoungGen      total 248832K, used 243457K [0x00000000d6200000, 0x00000000ea480000, 0x0000000100000000)
  eden space 229888K, 100% used [0x00000000d6200000,0x00000000e4280000,0x00000000e4280000)
  from space 18944K, 71% used [0x00000000e4280000,0x00000000e4fc0458,0x00000000e5500000)
  to   space 19456K, 0% used [0x00000000e9180000,0x00000000e9180000,0x00000000ea480000)
 ParOldGen       total 101376K, used 26247K [0x0000000082600000, 0x0000000088900000, 0x00000000d6200000)
  object space 101376K, 25% used [0x0000000082600000,0x0000000083fa1df0,0x0000000088900000)
 Metaspace       used 50053K, capacity 51954K, committed 52224K, reserved 1093632K
  class space    used 6760K, capacity 7138K, committed 7168K, reserved 1048576K
Event: 14.055 GC heap after
Heap after GC invocations=14 (full 2):
 PSYoungGen      total 309760K, used 14622K [0x00000000d6200000, 0x00000000eab00000, 0x0000000100000000)
  eden space 290304K, 0% used [0x00000000d6200000,0x00000000d6200000,0x00000000e7d80000)
  from space 19456K, 75% used [0x00000000e9180000,0x00000000e9fc7b08,0x00000000ea480000)
  to   space 20480K, 0% used [0x00000000e7d80000,0x00000000e7d80000,0x00000000e9180000)
 ParOldGen       total 101376K, used 26247K [0x0000000082600000, 0x0000000088900000, 0x00000000d6200000)
  object space 101376K, 25% used [0x0000000082600000,0x0000000083fa1df0,0x0000000088900000)
 Metaspace       used 50053K, capacity 51954K, committed 52224K, reserved 1093632K
  class space    used 6760K, capacity 7138K, committed 7168K, reserved 1048576K
}
Event: 15.245 GC heap before
{Heap before GC invocations=15 (full 2):
 PSYoungGen      total 309760K, used 304926K [0x00000000d6200000, 0x00000000eab00000, 0x0000000100000000)
  eden space 290304K, 100% used [0x00000000d6200000,0x00000000e7d80000,0x00000000e7d80000)
  from space 19456K, 75% used [0x00000000e9180000,0x00000000e9fc7b08,0x00000000ea480000)
  to   space 20480K, 0% used [0x00000000e7d80000,0x00000000e7d80000,0x00000000e9180000)
 ParOldGen       total 101376K, used 26250K [0x0000000082600000, 0x0000000088900000, 0x00000000d6200000)
  object space 101376K, 25% used [0x0000000082600000,0x0000000083fa2a78,0x0000000088900000)
 Metaspace       used 50056K, capacity 52018K, committed 52224K, reserved 1093632K
  class space    used 6760K, capacity 7138K, committed 7168K, reserved 1048576K
Event: 15.271 GC heap after
Heap after GC invocations=15 (full 2):
 PSYoungGen      total 310784K, used 15538K [0x00000000d6200000, 0x00000000efa80000, 0x0000000100000000)
  eden space 290304K, 0% used [0x00000000d6200000,0x00000000d6200000,0x00000000e7d80000)
  from space 20480K, 75% used [0x00000000e7d80000,0x00000000e8cac918,0x00000000e9180000)
  to   space 21504K, 0% used [0x00000000ee580000,0x00000000ee580000,0x00000000efa80000)
 ParOldGen       total 101376K, used 26258K [0x0000000082600000, 0x0000000088900000, 0x00000000d6200000)
  object space 101376K, 25% used [0x0000000082600000,0x0000000083fa4a78,0x0000000088900000)
 Metaspace       used 50056K, capacity 52018K, committed 52224K, reserved 1093632K
  class space    used 6760K, capacity 7138K, committed 7168K, reserved 1048576K
}
Event: 16.128 GC heap before
{Heap before GC invocations=16 (full 2):
 PSYoungGen      total 310784K, used 305842K [0x00000000d6200000, 0x00000000efa80000, 0x0000000100000000)
  eden space 290304K, 100% used [0x00000000d6200000,0x00000000e7d80000,0x00000000e7d80000)
  from space 20480K, 75% used [0x00000000e7d80000,0x00000000e8cac918,0x00000000e9180000)
  to   space 21504K, 0% used [0x00000000ee580000,0x00000000ee580000,0x00000000efa80000)
 ParOldGen       total 101376K, used 26258K [0x0000000082600000, 0x0000000088900000, 0x00000000d6200000)
  object space 101376K, 25% used [0x0000000082600000,0x0000000083fa4a78,0x0000000088900000)
 Metaspace       used 50056K, capacity 52018K, committed 52224K, reserved 1093632K
  class space    used 6760K, capacity 7138K, committed 7168K, reserved 1048576K
Event: 16.146 GC heap after
Heap after GC invocations=16 (full 2):
 PSYoungGen      total 395776K, used 16507K [0x00000000d6200000, 0x00000000efd00000, 0x0000000100000000)
  eden space 374272K, 0% used [0x00000000d6200000,0x00000000d6200000,0x00000000ecf80000)
  from space 21504K, 76% used [0x00000000ee580000,0x00000000ef59ee28,0x00000000efa80000)
  to   space 22528K, 0% used [0x00000000ecf80000,0x00000000ecf80000,0x00000000ee580000)
 ParOldGen       total 101376K, used 26258K [0x0000000082600000, 0x0000000088900000, 0x00000000d6200000)
  object space 101376K, 25% used [0x0000000082600000,0x0000000083fa4a78,0x0000000088900000)
 Metaspace       used 50056K, capacity 52018K, committed 52224K, reserved 1093632K
  class space    used 6760K, capacity 7138K, committed 7168K, reserved 1048576K
}
Event: 17.377 GC heap before
{Heap before GC invocations=17 (full 2):
 PSYoungGen      total 395776K, used 390779K [0x00000000d6200000, 0x00000000efd00000, 0x0000000100000000)
  eden space 374272K, 100% used [0x00000000d6200000,0x00000000ecf80000,0x00000000ecf80000)
  from space 21504K, 76% used [0x00000000ee580000,0x00000000ef59ee28,0x00000000efa80000)
  to   space 22528K, 0% used [0x00000000ecf80000,0x00000000ecf80000,0x00000000ee580000)
 ParOldGen       total 101376K, used 26258K [0x0000000082600000, 0x0000000088900000, 0x00000000d6200000)
  object space 101376K, 25% used [0x0000000082600000,0x0000000083fa4a78,0x0000000088900000)
 Metaspace       used 50059K, capacity 52018K, committed 52224K, reserved 1093632K
  class space    used 6760K, capacity 7138K, committed 7168K, reserved 1048576K
Event: 17.402 GC heap after
Heap after GC invocations=17 (full 2):
 PSYoungGen      total 396800K, used 7106K [0x00000000d6200000, 0x00000000f6600000, 0x0000000100000000)
  eden space 374272K, 0% used [0x00000000d6200000,0x00000000d6200000,0x00000000ecf80000)
  from space 22528K, 31% used [0x00000000ecf80000,0x00000000ed670828,0x00000000ee580000)
  to   space 22016K, 0% used [0x00000000f5080000,0x00000000f5080000,0x00000000f6600000)
 ParOldGen       total 101376K, used 37526K [0x0000000082600000, 0x0000000088900000, 0x00000000d6200000)
  object space 101376K, 37% used [0x0000000082600000,0x0000000084aa5b38,0x0000000088900000)
 Metaspace       used 50059K, capacity 52018K, committed 52224K, reserved 1093632K
  class space    used 6760K, capacity 7138K, committed 7168K, reserved 1048576K
}

