# JRE version: Java(TM) SE Runtime Environment (8.0_161-b12) (build 1.8.0_161-b12)
# Java VM: Java HotSpot(TM) 64-Bit Server VM (25.161-b12 mixed mode windows-amd64 compressed oops)
Heap:
 PSYoungGen      total 137728K, used 35621K [0x00000000d6200000, 0x00000000df500000, 0x0000000100000000)
  eden space 129536K, 27% used [0x00000000d6200000,0x00000000d84c9638,0x00000000de080000)
  from space 8192K, 0% used [0x00000000dea00000,0x00000000dea00000,0x00000000df200000)
  to   space 9728K, 0% used [0x00000000de080000,0x00000000de080000,0x00000000dea00000)
 ParOldGen       total 59904K, used 8490K [0x0000000082600000, 0x0000000086080000, 0x00000000d6200000)
  object space 59904K, 14% used [0x0000000082600000,0x0000000082e4a950,0x0000000086080000)
 Metaspace       used 25614K, capacity 26712K, committed 26880K, reserved 1073152K
  class space    used 3300K, capacity 3524K, committed 3584K, reserved 1048576K
GC Heap History (10 events):
Event: 1.117 GC heap before
{Heap before GC invocations=3 (full 0):
 PSYoungGen      total 37888K, used 36183K [0x00000000d6200000, 0x00000000dac00000, 0x0000000100000000)
  eden space 32768K, 100% used [0x00000000d6200000,0x00000000d8200000,0x00000000d8200000)
  from space 5120K, 66% used [0x00000000d8700000,0x00000000d8a55f20,0x00000000d8c00000)
  to   space 5120K, 0% used [0x00000000d8200000,0x00000000d8200000,0x00000000d8700000)
 ParOldGen       total 86016K, used 16K [0x0000000082600000, 0x0000000087a00000, 0x00000000d6200000)
  object space 86016K, 0% used [0x0000000082600000,0x0000000082604000,0x0000000087a00000)
 Metaspace       used 12468K, capacity 12858K, committed 13056K, reserved 1060864K
  class space    used 1592K, capacity 1712K, committed 1792K, reserved 1048576K
Event: 1.124 GC heap after
Heap after GC invocations=3 (full 0):
 PSYoungGen      total 37888K, used 5098K [0x00000000d6200000, 0x00000000dac00000, 0x0000000100000000)
  eden space 32768K, 0% used [0x00000000d6200000,0x00000000d6200000,0x00000000d8200000)
  from space 5120K, 99% used [0x00000000d8200000,0x00000000d86fa950,0x00000000d8700000)
  to   space 5120K, 0% used [0x00000000da700000,0x00000000da700000,0x00000000dac00000)
 ParOldGen       total 86016K, used 556K [0x0000000082600000, 0x0000000087a00000, 0x00000000d6200000)
  object space 86016K, 0% used [0x0000000082600000,0x000000008268b098,0x0000000087a00000)
 Metaspace       used 12468K, capacity 12858K, committed 13056K, reserved 1060864K
  class space    used 1592K, capacity 1712K, committed 1792K, reserved 1048576K
}
Event: 1.529 GC heap before
{Heap before GC invocations=4 (full 0):
 PSYoungGen      total 37888K, used 37866K [0x00000000d6200000, 0x00000000dac00000, 0x0000000100000000)
  eden space 32768K, 100% used [0x00000000d6200000,0x00000000d8200000,0x00000000d8200000)
  from space 5120K, 99% used [0x00000000d8200000,0x00000000d86fa950,0x00000000d8700000)
  to   space 5120K, 0% used [0x00000000da700000,0x00000000da700000,0x00000000dac00000)
 ParOldGen       total 86016K, used 556K [0x0000000082600000, 0x0000000087a00000, 0x00000000d6200000)
  object space 86016K, 0% used [0x0000000082600000,0x000000008268b098,0x0000000087a00000)
 Metaspace       used 14761K, capacity 15344K, committed 15616K, reserved 1062912K
  class space    used 1851K, capacity 2012K, committed 2048K, reserved 1048576K
Event: 1.535 GC heap after
Heap after GC invocations=4 (full 0):
 PSYoungGen      total 70656K, used 5097K [0x00000000d6200000, 0x00000000dac00000, 0x0000000100000000)
  eden space 65536K, 0% used [0x00000000d6200000,0x00000000d6200000,0x00000000da200000)
  from space 5120K, 99% used [0x00000000da700000,0x00000000dabfa4e0,0x00000000dac00000)
  to   space 5120K, 0% used [0x00000000da200000,0x00000000da200000,0x00000000da700000)
 ParOldGen       total 86016K, used 1050K [0x0000000082600000, 0x0000000087a00000, 0x00000000d6200000)
  object space 86016K, 1% used [0x0000000082600000,0x0000000082706978,0x0000000087a00000)
 Metaspace       used 14761K, capacity 15344K, committed 15616K, reserved 1062912K
  class space    used 1851K, capacity 2012K, committed 2048K, reserved 1048576K
}
Event: 1.974 GC heap before
{Heap before GC invocations=5 (full 0):
 PSYoungGen      total 70656K, used 70633K [0x00000000d6200000, 0x00000000dac00000, 0x0000000100000000)
  eden space 65536K, 100% used [0x00000000d6200000,0x00000000da200000,0x00000000da200000)
  from space 5120K, 99% used [0x00000000da700000,0x00000000dabfa4e0,0x00000000dac00000)
  to   space 5120K, 0% used [0x00000000da200000,0x00000000da200000,0x00000000da700000)
 ParOldGen       total 86016K, used 1050K [0x0000000082600000, 0x0000000087a00000, 0x00000000d6200000)
  object space 86016K, 1% used [0x0000000082600000,0x0000000082706978,0x0000000087a00000)
 Metaspace       used 16747K, capacity 17566K, committed 17792K, reserved 1064960K
  class space    used 2149K, capacity 2333K, committed 2432K, reserved 1048576K
Event: 1.982 GC heap after
Heap after GC invocations=5 (full 0):
 PSYoungGen      total 70656K, used 5104K [0x00000000d6200000, 0x00000000df200000, 0x0000000100000000)
  eden space 65536K, 0% used [0x00000000d6200000,0x00000000d6200000,0x00000000da200000)
  from space 5120K, 99% used [0x00000000da200000,0x00000000da6fc358,0x00000000da700000)
  to   space 8192K, 0% used [0x00000000dea00000,0x00000000dea00000,0x00000000df200000)
 ParOldGen       total 86016K, used 3286K [0x0000000082600000, 0x0000000087a00000, 0x00000000d6200000)
  object space 86016K, 3% used [0x0000000082600000,0x0000000082935958,0x0000000087a00000)
 Metaspace       used 16747K, capacity 17566K, committed 17792K, reserved 1064960K
  class space    used 2149K, capacity 2333K, committed 2432K, reserved 1048576K
}
Event: 2.468 GC heap before
{Heap before GC invocations=6 (full 0):
 PSYoungGen      total 70656K, used 36642K [0x00000000d6200000, 0x00000000df200000, 0x0000000100000000)
  eden space 65536K, 48% used [0x00000000d6200000,0x00000000d80cc850,0x00000000da200000)
  from space 5120K, 99% used [0x00000000da200000,0x00000000da6fc358,0x00000000da700000)
  to   space 8192K, 0% used [0x00000000dea00000,0x00000000dea00000,0x00000000df200000)
 ParOldGen       total 86016K, used 3286K [0x0000000082600000, 0x0000000087a00000, 0x00000000d6200000)
  object space 86016K, 3% used [0x0000000082600000,0x0000000082935958,0x0000000087a00000)
 Metaspace       used 20280K, capacity 21224K, committed 21296K, reserved 1067008K
  class space    used 2655K, capacity 2874K, committed 2944K, reserved 1048576K
Event: 2.485 GC heap after
Heap after GC invocations=6 (full 0):
 PSYoungGen      total 137728K, used 8176K [0x00000000d6200000, 0x00000000df500000, 0x0000000100000000)
  eden space 129536K, 0% used [0x00000000d6200000,0x00000000d6200000,0x00000000de080000)
  from space 8192K, 99% used [0x00000000dea00000,0x00000000df1fc170,0x00000000df200000)
  to   space 9728K, 0% used [0x00000000de080000,0x00000000de080000,0x00000000dea00000)
 ParOldGen       total 86016K, used 3312K [0x0000000082600000, 0x0000000087a00000, 0x00000000d6200000)
  object space 86016K, 3% used [0x0000000082600000,0x000000008293c220,0x0000000087a00000)
 Metaspace       used 20280K, capacity 21224K, committed 21296K, reserved 1067008K
  class space    used 2655K, capacity 2874K, committed 2944K, reserved 1048576K
}
Event: 2.485 GC heap before
{Heap before GC invocations=7 (full 1):
 PSYoungGen      total 137728K, used 8176K [0x00000000d6200000, 0x00000000df500000, 0x0000000100000000)
  eden space 129536K, 0% used [0x00000000d6200000,0x00000000d6200000,0x00000000de080000)
  from space 8192K, 99% used [0x00000000dea00000,0x00000000df1fc170,0x00000000df200000)
  to   space 9728K, 0% used [0x00000000de080000,0x00000000de080000,0x00000000dea00000)
 ParOldGen       total 86016K, used 3312K [0x0000000082600000, 0x0000000087a00000, 0x00000000d6200000)
  object space 86016K, 3% used [0x0000000082600000,0x000000008293c220,0x0000000087a00000)
 Metaspace       used 20280K, capacity 21224K, committed 21296K, reserved 1067008K
  class space    used 2655K, capacity 2874K, committed 2944K, reserved 1048576K
Event: 2.536 GC heap after
Heap after GC invocations=7 (full 1):
 PSYoungGen      total 137728K, used 0K [0x00000000d6200000, 0x00000000df500000, 0x0000000100000000)
  eden space 129536K, 0% used [0x00000000d6200000,0x00000000d6200000,0x00000000de080000)
  from space 8192K, 0% used [0x00000000dea00000,0x00000000dea00000,0x00000000df200000)
  to   space 9728K, 0% used [0x00000000de080000,0x00000000de080000,0x00000000dea00000)
 ParOldGen       total 59904K, used 8490K [0x0000000082600000, 0x0000000086080000, 0x00000000d6200000)
  object space 59904K, 14% used [0x0000000082600000,0x0000000082e4a950,0x0000000086080000)
 Metaspace       used 20280K, capacity 21224K, committed 21296K, reserved 1067008K
  class space    used 2655K, capacity 2874K, committed 2944K, reserved 1048576K
}

